<?xml version="1.0" encoding="UTF-8"?><testsuite errors="0" failures="1" name="Buy article in linio.com.pe" skipped="0" tests="1" time="45.99" timestamp="2019-10-06 08:52:52"><testcase name="Buy article in linio.com.pe"><failure message="Expected enabled element was not enabled" type="net.thucydides.core.webdriver.exceptions.ElementShouldBeEnabledException">Expected enabled element was not enabled</failure><system-err>Expected enabled element was not enabled&#13;
co.com.bancolombia.certificacion.RetoAutomatizacionCarlos.tasks.PaginaLinio.performAs(PaginaLinio.java:12)&#13;
co.com.bancolombia.certificacion.RetoAutomatizacionCarlos.stepdefinitions.RetoAutomatizacionCarlosStepDefinitions.heSelectsAProduct(RetoAutomatizacionCarlosStepDefinitions.java:36)&#13;
cucumber.runner.Runner.runPickle(Runner.java:80)&#13;
org.eclipse.jdt.internal.junit4.runner.JUnit4TestReference.run(JUnit4TestReference.java:89)&#13;
org.eclipse.jdt.internal.junit.runner.TestExecution.run(TestExecution.java:41)&#13;
org.eclipse.jdt.internal.junit.runner.RemoteTestRunner.runTests(RemoteTestRunner.java:541)&#13;
org.eclipse.jdt.internal.junit.runner.RemoteTestRunner.runTests(RemoteTestRunner.java:763)&#13;
org.eclipse.jdt.internal.junit.runner.RemoteTestRunner.run(RemoteTestRunner.java:463)&#13;
org.eclipse.jdt.internal.junit.runner.RemoteTestRunner.main(RemoteTestRunner.java:209)&#13;
</system-err></testcase></testsuite>